<?xml version="1.0" encoding="UTF-8"?>
<!-- Generated by org.testng.reporters.JUnitReportReporter -->
<testsuite skipped="0" hostname="DESKTOP-UHORISU" name="testrunners.CreateNewVerticalTest" tests="1" failures="0" timestamp="19 Jan 2023 13:10:14 GMT" time="26.996" errors="0">
  <testcase name="feature" time="26.996" classname="testrunners.CreateNewVerticalTest"/>
</testsuite> <!-- testrunners.CreateNewVerticalTest -->
